<?xml version="1.0" encoding="UTF-8"?>
<testsuites name="jest tests" tests="1" failures="0" errors="0" time="2.376">
  <testsuite name="undefined" errors="0" failures="0" skipped="0" timestamp="2022-10-25T11:35:29" time="1.648" tests="1">
    <testcase classname=" should render Appbar component" name=" should render Appbar component" time="0.093">
    </testcase>
  </testsuite>
</testsuites>