<?xml version="1.0" encoding="UTF-8"?>
<testsuites name="jest tests" tests="2" failures="0" errors="0" time="11.294">
  <testsuite name="undefined" errors="0" failures="0" skipped="0" timestamp="2022-11-21T15:23:43" time="1.086" tests="1">
    <testcase classname=" test" name=" test" time="0.002">
    </testcase>
  </testsuite>
  <testsuite name="undefined" errors="0" failures="0" skipped="0" timestamp="2022-11-21T15:23:43" time="10.011" tests="1">
    <testcase classname=" should render Appbar component" name=" should render Appbar component" time="0.066">
    </testcase>
  </testsuite>
</testsuites>