<?xml version="1.0" encoding="UTF-8"?>
<testsuites name="jest tests" tests="2" failures="0" errors="0" time="7.236">
  <testsuite name="undefined" errors="0" failures="0" skipped="0" timestamp="2022-10-25T16:52:48" time="1.844" tests="1">
    <testcase classname=" test" name=" test" time="0.003">
    </testcase>
  </testsuite>
  <testsuite name="undefined" errors="0" failures="0" skipped="0" timestamp="2022-10-25T16:52:48" time="3.761" tests="1">
    <testcase classname=" should render Appbar component" name=" should render Appbar component" time="0.096">
    </testcase>
  </testsuite>
</testsuites>